<?xml version="1.0" encoding="UTF-8"?>
<!-- Generated by org.testng.reporters.JUnitReportReporter -->
<testsuite hostname="LAPTOP-OFI38GDM" failures="0" tests="1" name="com.learnautomation.testcases.LoginTestCRM" time="5.810" errors="0" timestamp="2021-06-26T23:57:42 IST" skipped="0">
  <testcase classname="com.learnautomation.testcases.LoginTestCRM" name="loginapp" time="5.810"/>
  <system-out/>
</testsuite> <!-- com.learnautomation.testcases.LoginTestCRM -->
