<?xml version="1.0" encoding="UTF-8"?>
<!-- Generated by org.testng.reporters.JUnitReportReporter -->
<testsuite hostname="LAPTOP-OFI38GDM" failures="0" tests="1" name="com.learnautomation.pages.NaukariWebsite" time="6.520" errors="0" timestamp="2021-07-06T23:33:00 IST" skipped="0">
  <testcase classname="com.learnautomation.pages.NaukariWebsite" name="setup" time="6.520"/>
  <system-out/>
</testsuite> <!-- com.learnautomation.pages.NaukariWebsite -->
