<?xml version="1.0" encoding="UTF-8"?>
<!-- Generated by org.testng.reporters.JUnitReportReporter -->
<testsuite hostname="LAPTOP-OFI38GDM" failures="0" tests="1" name="Testing.Helloworld" time="0.006" errors="0" timestamp="2021-06-09T22:24:15 IST" skipped="0">
  <testcase classname="Testing.Helloworld" name="testhello" time="0.006"/>
  <system-out/>
</testsuite> <!-- Testing.Helloworld -->
