<?xml version="1.0" encoding="UTF-8"?>
<!-- Generated by org.testng.reporters.JUnitReportReporter -->
<testsuite hostname="LAPTOP-OFI38GDM" failures="0" tests="1" name="com.learnautomation.testcases.ExtentReportDemo" time="0.359" errors="0" timestamp="2021-06-27T00:11:52 IST" skipped="0">
  <testcase classname="com.learnautomation.testcases.ExtentReportDemo" name="loginTest" time="0.359"/>
  <system-out/>
</testsuite> <!-- com.learnautomation.testcases.ExtentReportDemo -->
